CMake Error at /home/juergen/ros2_galactic/install/rosidl_adapter/share/rosidl_adapter/cmake/rosidl_adapt_interfaces.cmake:60 (message):
  execute_process(/usr/bin/python3 -m rosidl_adapter --package-name
  ros2_si_interface --arguments-file
  /home/juergen/1_dev/projects/Sketchable-Interaction/SI/src/sirose/msg/ros2_si_interface/build/ros2_si_interface/rosidl_adapter__arguments__ros2_si_interface.json
  --output-dir
  /home/juergen/1_dev/projects/Sketchable-Interaction/SI/src/sirose/msg/ros2_si_interface/build/ros2_si_interface/rosidl_adapter/ros2_si_interface
  --output-file
  /home/juergen/1_dev/projects/Sketchable-Interaction/SI/src/sirose/msg/ros2_si_interface/build/ros2_si_interface/rosidl_adapter/ros2_si_interface.idls)
  returned error code 1:

  Error with: ros2_si_interface VTKSIObject float32[]

  Traceback (most recent call last):

    File "/usr/lib/python3.9/runpy.py", line 197, in _run_module_as_main
      return _run_code(code, main_globals, None,
    File "/usr/lib/python3.9/runpy.py", line 87, in _run_code
      exec(code, run_globals)
    File "/home/juergen/ros2_galactic/install/rosidl_adapter/lib/python3.9/site-packages/rosidl_adapter/__main__.py", line 19, in <module>
      sys.exit(main())
    File "/home/juergen/ros2_galactic/install/rosidl_adapter/lib/python3.9/site-packages/rosidl_adapter/main.py", line 53, in main
      abs_idl_file = convert_to_idl(
    File "/home/juergen/ros2_galactic/install/rosidl_adapter/lib/python3.9/site-packages/rosidl_adapter/__init__.py", line 19, in convert_to_idl
      return convert_msg_to_idl(
    File "/home/juergen/ros2_galactic/install/rosidl_adapter/lib/python3.9/site-packages/rosidl_adapter/msg/__init__.py", line 28, in convert_msg_to_idl
      msg = parse_message_string(package_name, input_file.stem, content)
    File "/home/juergen/ros2_galactic/install/rosidl_adapter/lib/python3.9/site-packages/rosidl_adapter/parser.py", line 506, in parse_message_string
      raise InvalidFieldDefinition(line)

  rosidl_adapter.parser.InvalidFieldDefinition: float32[]

Call Stack (most recent call first):
  /home/juergen/ros2_galactic/install/rosidl_cmake/share/rosidl_cmake/cmake/rosidl_generate_interfaces.cmake:130 (rosidl_adapt_interfaces)
  CMakeLists.txt:13 (rosidl_generate_interfaces)


gmake[1]: *** [Makefile:748: cmake_check_build_system] Error 1
